# 练习1

## 1.

首先找到生成`ucore.img`的makefile片段：

```makefile
UCOREIMG	:= $(call totarget,ucore.img)

$(UCOREIMG): $(kernel) $(bootblock)
	$(V)dd if=/dev/zero of=$@ count=10000
	$(V)dd if=$(bootblock) of=$@ conv=notrunc
	$(V)dd if=$(kernel) of=$@ seek=1 conv=notrunc

$(call create_target,ucore.img)
```

可以发现`ucore.img`是由`bootblock`（在前）和`kernel`（在后）用`dd`拼接起来的（文件末尾还有多余的0）。再寻找`bootblock`和`kernel`是如何生成的。首先找到`bootblock`的相关片段：

```makefile
bootfiles = $(call listf_cc,boot)
$(foreach f,$(bootfiles),$(call cc_compile,$(f),$(CC),$(CFLAGS) -Os -nostdinc))

bootblock = $(call totarget,bootblock)

$(bootblock): $(call toobj,$(bootfiles)) | $(call totarget,sign)
	@echo + ld $@
	$(V)$(LD) $(LDFLAGS) -N -e start -Ttext 0x7C00 $^ -o $(call toobj,bootblock)
	@$(OBJDUMP) -S $(call objfile,bootblock) > $(call asmfile,bootblock)
	@$(OBJCOPY) -S -O binary $(call objfile,bootblock) $(call outfile,bootblock)
	@$(call totarget,sign) $(call outfile,bootblock) $(bootblock)

$(call create_target,bootblock)
```

以上命令首先编译了`boot`文件夹下面的源文件；然后使用`ld`链接了目标文件，这个时候明确了`0x7c00`的基址；随后使用`objcopy`命令删除了所有无关信息，只留下机器码；最后使用`sign`工具，签上`55AA`。这样就得到了`bootblock`。

找到`kernel`的生成代码：

```makefile
# >>>>>>>>>>>>>>>>>>>>>>>>>>>>>>>>>>>>>>>>>>>>>>>>>>>>>>>>>>>>>>>>>>>
# include kernel/user

INCLUDE	+= libs/

CFLAGS	+= $(addprefix -I,$(INCLUDE))

LIBDIR	+= libs

$(call add_files_cc,$(call listf_cc,$(LIBDIR)),libs,)

# -------------------------------------------------------------------
# kernel

KINCLUDE	+= kern/debug/ \
			   kern/driver/ \
			   kern/trap/ \
			   kern/mm/

KSRCDIR		+= kern/init \
			   kern/libs \
			   kern/debug \
			   kern/driver \
			   kern/trap \
			   kern/mm

KCFLAGS		+= $(addprefix -I,$(KINCLUDE))

$(call add_files_cc,$(call listf_cc,$(KSRCDIR)),kernel,$(KCFLAGS))

KOBJS	= $(call read_packet,kernel libs)

# create kernel target
kernel = $(call totarget,kernel)

$(kernel): tools/kernel.ld

$(kernel): $(KOBJS)
	@echo + ld $@
	$(V)$(LD) $(LDFLAGS) -T tools/kernel.ld -o $@ $(KOBJS)
	@$(OBJDUMP) -S $@ > $(call asmfile,kernel)
	@$(OBJDUMP) -t $@ | $(SED) '1,/SYMBOL TABLE/d; s/ .* / /; /^$$/d' > $(call symfile,kernel)

$(call create_target,kernel)

# -------------------------------------------------------------------
```

`kernel`和`libs`里分别存储了内核和库的文件，这些文件是通过`function.mk`中预定义的函数添加的。在完成编译以后，通过`ld`命令完成链接，而链接的参数则由`tools/kernel.ld`文件定义。（最后的两行生成了反汇编得到的汇编文件和符号表文件）

使用的`sign`工具，由`tools/sign.c`编译而来。

## 2.

512个字节中最后两个字节为`55 AA`。

# 练习2

首先按照实验指导书的指示，将`tools/gdbinit`内容改为：

```
set architecture i8086
target remote :1234
```

然后执行：

```
make debug
```

gdb：

```
The target architecture is assumed to be i8086
warning: No executable has been specified and target does not support
determining executable automatically.  Try using the "file" command.
0x0000fff0 in ?? ()
(gdb) i r
eax            0x0      0
ecx            0x0      0
edx            0x663    1635
ebx            0x0      0
esp            0x0      0x0
ebp            0x0      0x0
esi            0x0      0
edi            0x0      0
eip            0xfff0   0xfff0
eflags         0x2      [ ]
cs             0xf000   61440
ss             0x0      0
ds             0x0      0
es             0x0      0
fs             0x0      0
gs             0x0      0
(gdb) x/i 0xffff0
   0xffff0:     ljmp   $0x3630,$0xf000e05b
(gdb) si
0x0000e05b in ?? ()
(gdb) i r
eax            0x0      0
ecx            0x0      0
edx            0x663    1635
ebx            0x0      0
esp            0x0      0x0
ebp            0x0      0x0
esi            0x0      0
edi            0x0      0
eip            0xe05b   0xe05b
eflags         0x2      [ ]
cs             0xf000   61440
ss             0x0      0
ds             0x0      0
es             0x0      0
fs             0x0      0
gs             0x0      0
```

（不知为何，我的gdb似乎一直忽视cs的值，而且反汇编也有问题）可以看到，BIOS始自`0xfe05b`。在`0x7c00`上打上断点，并反汇编：

```
(gdb) b *0x7c00
Breakpoint 1 at 0x7c00
(gdb) continue
Continuing.

Breakpoint 1, 0x00007c00 in ?? ()
(gdb) x/16i 0x7c00
=> 0x7c00:      cli
   0x7c01:      cld
   0x7c02:      xor    %eax,%eax
   0x7c04:      mov    %eax,%ds
   0x7c06:      mov    %eax,%es
   0x7c08:      mov    %eax,%ss
   0x7c0a:      in     $0x64,%al
   0x7c0c:      test   $0x2,%al
   0x7c0e:      jne    0x7c0a
   0x7c10:      mov    $0xd1,%al
   0x7c12:      out    %al,$0x64
   0x7c14:      in     $0x64,%al
   0x7c16:      test   $0x2,%al
   0x7c18:      jne    0x7c14
   0x7c1a:      mov    $0xdf,%al
   0x7c1c:      out    %al,$0x60
```

可以发现与`bootasm.S`和`bootblock.asm`中的代码一致。查看开启保护模式上下代码：

```
(gdb) b *0x7c2a
Breakpoint 2 at 0x7c2a
(gdb) continue
Continuing.

Breakpoint 2, 0x00007c2a in ?? ()
(gdb) x/12i 0x7c2a   
=> 0x7c2a:      mov    %eax,%cr0
   0x7c2d:      ljmp   $0xb866,$0x87c32
   0x7c34:      adc    %al,(%eax)
   0x7c36:      mov    %eax,%ds
   0x7c38:      mov    %eax,%es
   0x7c3a:      mov    %eax,%fs
   0x7c3c:      mov    %eax,%gs
   0x7c3e:      mov    %eax,%ss
   0x7c40:      mov    $0x0,%ebp
   0x7c45:      mov    $0x7c00,%esp
   0x7c4a:      call   0x7d0d
   0x7c4f:      jmp    0x7c4f
(gdb) si
0x00007c2d in ?? ()
(gdb) si
0x00007c32 in ?? ()
(gdb) si 
0x00007c36 in ?? ()
```

# 练习3

## 1. 开启A20

开启A20的原因见实验指导书。与开启A20有关的代码如下：

```x86asm
    # Enable A20:
    #  For backwards compatibility with the earliest PCs, physical
    #  address line 20 is tied low, so that addresses higher than
    #  1MB wrap around to zero by default. This code undoes this.
seta20.1:
    inb $0x64, %al                                  # Wait for not busy(8042 input buffer empty).
    testb $0x2, %al
    jnz seta20.1

    movb $0xd1, %al                                 # 0xd1 -> port 0x64
    outb %al, $0x64                                 # 0xd1 means: write data to 8042's P2 port

seta20.2:
    inb $0x64, %al                                  # Wait for not busy(8042 input buffer empty).
    testb $0x2, %al
    jnz seta20.2

    movb $0xdf, %al                                 # 0xdf -> port 0x60
    outb %al, $0x60                                 # 0xdf = 11011111, means set P2's A20 bit(the 1 bit) to 1
```

基本思路就是等待键盘控制器不忙的时候写入控制指令，开启A20。

## 2. 初始化GDT表

直接载入预先写好的gdt即可
```
	lgdt gdtdesc
```

## 3. 使能进入保护模式

通过将cr0寄存器的PE位置1，开启保护模式。
```
    movl %cr0, %eax
    orl $CR0_PE_ON, %eax
    movl %eax, %cr0
```

# 练习4

## 1. bootloader如何读取硬盘扇区的？

bootloader提供了两个函数：

`readsect`将设备的第secno扇区读到dst位置。主要是通过`in`命令和`out`命令实现的。

```c
/* readsect - read a single sector at @secno into @dst */
static void
readsect(void *dst, uint32_t secno) {
    // wait for disk to be ready
    waitdisk();

    outb(0x1F2, 1);                         // count = 1
    outb(0x1F3, secno & 0xFF);
    outb(0x1F4, (secno >> 8) & 0xFF);
    outb(0x1F5, (secno >> 16) & 0xFF);
    outb(0x1F6, ((secno >> 24) & 0xF) | 0xE0);
    outb(0x1F7, 0x20);                      // cmd 0x20 - read sectors

    // wait for disk to be ready
    waitdisk();

    // read a sector
    insl(0x1F0, dst, SECTSIZE / 4);
}
```

`readseg`则简单包装了`readsect`，可以读取任意长度的内容。需要非常注意的是，由于扇区0被bootloader占用了，这里扇区号全部被+1。

```c
/* *
 * readseg - read @count bytes at @offset from kernel into virtual address @va,
 * might copy more than asked.
 * */
static void
readseg(uintptr_t va, uint32_t count, uint32_t offset) {
    uintptr_t end_va = va + count;

    // round down to sector boundary
    va -= offset % SECTSIZE;

    // translate from bytes to sectors; kernel starts at sector 1
    uint32_t secno = (offset / SECTSIZE) + 1;

    // If this is too slow, we could read lots of sectors at a time.
    // We'd write more to memory than asked, but it doesn't matter --
    // we load in increasing order.
    for (; va < end_va; va += SECTSIZE, secno ++) {
        readsect((void *)va, secno);
    }
}
```

## 2. bootloader是如何加载ELF格式的OS？

```c
/* bootmain - the entry of bootloader */
void
bootmain(void) {
    // read the 1st page off disk
    readseg((uintptr_t)ELFHDR, SECTSIZE * 8, 0);

    // is this a valid ELF?
    if (ELFHDR->e_magic != ELF_MAGIC) {
        goto bad;
    }

    struct proghdr *ph, *eph;

    // load each program segment (ignores ph flags)
    ph = (struct proghdr *)((uintptr_t)ELFHDR + ELFHDR->e_phoff);
    eph = ph + ELFHDR->e_phnum;
    for (; ph < eph; ph ++) {
        readseg(ph->p_va & 0xFFFFFF, ph->p_memsz, ph->p_offset);
    }

    // call the entry point from the ELF header
    // note: does not return
    ((void (*)(void))(ELFHDR->e_entry & 0xFFFFFF))();

bad:
    outw(0x8A00, 0x8A00);
    outw(0x8A00, 0x8E00);

    /* do nothing */
    while (1);
}
```

可以看出，`bootmain`首先从扇区1读取了ELF头。在简单判断了是否合法以后，逐个读入了所有段（`segment`）。

# 练习5

实现：

```c
uint32_t ebp = read_ebp(), eip = read_eip();
int32_t i, j;

for (i = 0; ebp && i < STACKFRAME_DEPTH; i++) {
    cprintf("ebp:0x%08x eip:0x%08x args:", ebp, eip);
    uint32_t *args = ((uint32_t *)ebp) + 2;

    for (j = 0; j < 4; j++) cprintf("0x%08x ", args[j]);
    cprintf("\n");

    print_debuginfo(eip - 1); /* eip - 1， 因为call指令是变长的， 所以干脆就-1 */

    eip = *((uint32_t *)ebp + 1);
    ebp = *((uint32_t *)ebp);
}
```

输出：

```
ebp:0x00007b38 eip:0x00100a3c args:0x00010094 0x00010094 0x00007b68 0x0010007f 
    kern/debug/kdebug.c:305: print_stackframe+21
ebp:0x00007b48 eip:0x00100d38 args:0x00000000 0x00000000 0x00000000 0x00007bb8 
    kern/debug/kmonitor.c:125: mon_backtrace+10
ebp:0x00007b68 eip:0x0010007f args:0x00000000 0x00007b90 0xffff0000 0x00007b94 
    kern/init/init.c:48: grade_backtrace2+19
ebp:0x00007b88 eip:0x001000a1 args:0x00000000 0xffff0000 0x00007bb4 0x00000029 
    kern/init/init.c:53: grade_backtrace1+27
ebp:0x00007ba8 eip:0x001000be args:0x00000000 0x00100000 0xffff0000 0x00100043 
    kern/init/init.c:58: grade_backtrace0+19
ebp:0x00007bc8 eip:0x001000df args:0x00000000 0x00000000 0x00000000 0x00103280 
    kern/init/init.c:63: grade_backtrace+26
ebp:0x00007be8 eip:0x00100050 args:0x00000000 0x00000000 0x00000000 0x00007c4f 
    kern/init/init.c:28: kern_init+79
ebp:0x00007bf8 eip:0x00007d6e args:0xc031fcfa 0xc08ed88e 0x64e4d08e 0xfa7502a8 
    <unknow>: -- 0x00007d6d --
```

最后一个栈帧是`bootmain`，由于这个栈帧事实上已经紧贴着`0x7c00`的代码段，所以args实际上是`0x7c00`开始的bootloader，通过查看汇编可以验证。

# 练习6

1. 8字节。其中2-3字节是段选择子，0-1字节和6-7字节拼接成为段位移。

2. 

```c
extern uintptr_t __vectors[]; 
int32_t i;

for (i = 0; i < 256; i++) {
    SETGATE(idt[i], 0, GD_KTEXT, __vectors[i], DPL_KERNEL);
}

lidt(&idt_pd);
```

3.

```c
static void
trap_dispatch(struct trapframe *tf) {
    char c;
    static uint32_t tick_cnt = 0;

    switch (tf->tf_trapno) {
    case IRQ_OFFSET + IRQ_TIMER:
        /* LAB1 2016011349 : STEP 3 */
        /* handle the timer interrupt */
        /* (1) After a timer interrupt, you should record this event using a global variable (increase it), such as ticks in kern/driver/clock.c
         * (2) Every TICK_NUM cycle, you can print some info using a funciton, such as print_ticks().
         * (3) Too Simple? Yes, I think so!
         */

        if(++tick_cnt == TICK_NUM) {
            print_ticks();
            tick_cnt = 0;
        }
        break;
```